2024-05-02T09:53:43.349+0500	INFO	app/main.go:30	Listen: 	{"address": "localhost:5555"}
2024-05-02T09:53:44.645+0500	INFO	app/main.go:41	api gateway service stops
2024-05-02T09:53:44.646+0500	ERROR	app/main.go:32	app run	{"error": "http: Server closed"}
main.main.func1
	/home/gopher/projects/go/src/xasan_nosirov_exam5/api-gateway/cmd/app/main.go:32
2024-05-02T09:57:56.284+0500	INFO	app/main.go:30	Listen: 	{"address": "localhost:5555"}
2024-05-02T09:57:59.567+0500	INFO	app/main.go:41	api gateway service stops
2024-05-02T09:57:59.568+0500	ERROR	app/main.go:32	app run	{"error": "http: Server closed"}
main.main.func1
	/home/gopher/projects/go/src/xasan_nosirov_exam5/api-gateway/cmd/app/main.go:32
2024-05-02T10:12:37.860+0500	INFO	app/main.go:30	Listen: 	{"address": "localhost:5555"}
2024-05-02T10:12:38.941+0500	INFO	app/main.go:41	api gateway service stops
2024-05-02T10:12:38.942+0500	ERROR	app/main.go:32	app run	{"error": "http: Server closed"}
main.main.func1
	/home/gopher/projects/go/src/xasan_nosirov_exam5/api-gateway/cmd/app/main.go:32
2024-05-02T10:13:50.958+0500	INFO	app/main.go:30	Listen: 	{"address": "localhost:5555"}
2024-05-02T10:14:17.743+0500	INFO	app/main.go:41	api gateway service stops
2024-05-02T10:14:17.743+0500	ERROR	app/main.go:32	app run	{"error": "http: Server closed"}
main.main.func1
	/home/gopher/projects/go/src/xasan_nosirov_exam5/api-gateway/cmd/app/main.go:32
2024-05-02T10:14:25.142+0500	INFO	app/main.go:30	Listen: 	{"address": "localhost:5555"}
2024-05-02T10:17:42.225+0500	INFO	app/main.go:41	api gateway service stops
2024-05-02T10:17:42.226+0500	ERROR	app/main.go:32	app run	{"error": "http: Server closed"}
main.main.func1
	/home/gopher/projects/go/src/xasan_nosirov_exam5/api-gateway/cmd/app/main.go:32
