2024-05-01T17:16:54.670+0500	INFO	app/main.go:30	Listen: 	{"address": "localhost:5555"}
2024-05-01T17:16:56.219+0500	INFO	app/main.go:41	api gateway service stops
2024-05-01T17:16:56.219+0500	ERROR	app/main.go:32	app run	{"error": "http: Server closed"}
main.main.func1
	/home/gopher/projects/go/src/xasan_nosirov_exam5/admin-api-gateway/cmd/app/main.go:32
2024-05-01T17:20:37.158+0500	INFO	app/main.go:30	Listen: 	{"address": "localhost:5555"}
2024-05-01T17:21:40.500+0500	INFO	app/main.go:41	api gateway service stops
2024-05-01T17:21:40.501+0500	ERROR	app/main.go:32	app run	{"error": "http: Server closed"}
main.main.func1
	/home/gopher/projects/go/src/xasan_nosirov_exam5/admin-api-gateway/cmd/app/main.go:32
2024-05-01T17:22:51.523+0500	INFO	app/main.go:30	Listen: 	{"address": "localhost:5555"}
2024-05-01T17:24:36.275+0500	INFO	app/main.go:41	api gateway service stops
2024-05-01T17:24:36.275+0500	ERROR	app/main.go:32	app run	{"error": "http: Server closed"}
main.main.func1
	/home/gopher/projects/go/src/xasan_nosirov_exam5/admin-api-gateway/cmd/app/main.go:32
2024-05-01T17:24:40.749+0500	INFO	app/main.go:30	Listen: 	{"address": "localhost:5555"}
2024-05-01T17:25:08.357+0500	INFO	app/main.go:41	api gateway service stops
2024-05-01T17:25:08.358+0500	ERROR	app/main.go:32	app run	{"error": "http: Server closed"}
main.main.func1
	/home/gopher/projects/go/src/xasan_nosirov_exam5/admin-api-gateway/cmd/app/main.go:32
2024-05-01T17:32:18.091+0500	INFO	app/main.go:30	Listen: 	{"address": "localhost:5555"}
2024-05-01T17:32:40.676+0500	INFO	app/main.go:41	api gateway service stops
2024-05-01T17:32:40.677+0500	ERROR	app/main.go:32	app run	{"error": "http: Server closed"}
main.main.func1
	/home/gopher/projects/go/src/xasan_nosirov_exam5/admin-api-gateway/cmd/app/main.go:32
2024-05-01T17:33:07.539+0500	INFO	app/main.go:30	Listen: 	{"address": "localhost:5555"}
2024-05-01T17:33:21.261+0500	INFO	app/main.go:41	api gateway service stops
2024-05-01T17:33:21.262+0500	ERROR	app/main.go:32	app run	{"error": "http: Server closed"}
main.main.func1
	/home/gopher/projects/go/src/xasan_nosirov_exam5/admin-api-gateway/cmd/app/main.go:32
2024-05-01T17:33:28.153+0500	INFO	app/main.go:30	Listen: 	{"address": "localhost:5555"}
2024-05-01T17:34:49.525+0500	INFO	app/main.go:41	api gateway service stops
2024-05-01T17:34:49.526+0500	ERROR	app/main.go:32	app run	{"error": "http: Server closed"}
main.main.func1
	/home/gopher/projects/go/src/xasan_nosirov_exam5/admin-api-gateway/cmd/app/main.go:32
2024-05-01T17:34:57.317+0500	INFO	app/main.go:30	Listen: 	{"address": "localhost:5555"}
2024-05-01T17:39:40.752+0500	INFO	app/main.go:41	api gateway service stops
2024-05-01T17:39:40.752+0500	ERROR	app/main.go:32	app run	{"error": "http: Server closed"}
main.main.func1
	/home/gopher/projects/go/src/xasan_nosirov_exam5/admin-api-gateway/cmd/app/main.go:32
2024-05-01T17:46:55.991+0500	INFO	app/main.go:30	Listen: 	{"address": "localhost:5555"}
2024-05-01T17:50:33.082+0500	INFO	app/main.go:30	Listen: 	{"address": "localhost:5555"}
2024-05-01T17:50:34.021+0500	INFO	app/main.go:41	api gateway service stops
2024-05-01T17:50:34.022+0500	ERROR	app/main.go:32	app run	{"error": "http: Server closed"}
main.main.func1
	/home/gopher/projects/go/src/xasan_nosirov_exam5/admin-api-gateway/cmd/app/main.go:32
2024-05-01T17:54:30.567+0500	INFO	app/main.go:30	Listen: 	{"address": "localhost:5555"}
2024-05-01T17:54:57.330+0500	INFO	app/main.go:41	api gateway service stops
2024-05-01T17:54:57.330+0500	ERROR	app/main.go:32	app run	{"error": "http: Server closed"}
main.main.func1
	/home/gopher/projects/go/src/xasan_nosirov_exam5/admin-api-gateway/cmd/app/main.go:32
2024-05-01T17:55:02.224+0500	INFO	app/main.go:30	Listen: 	{"address": "localhost:5555"}
2024-05-01T18:17:29.705+0500	INFO	app/main.go:30	Listen: 	{"address": "localhost:5555"}
2024-05-01T18:17:30.503+0500	INFO	app/main.go:41	api gateway service stops
2024-05-01T18:17:30.504+0500	ERROR	app/main.go:32	app run	{"error": "http: Server closed"}
main.main.func1
	/home/gopher/projects/go/src/xasan_nosirov_exam5/admin-api-gateway/cmd/app/main.go:32
2024-05-01T18:26:20.278+0500	INFO	app/main.go:30	Listen: 	{"address": "localhost:5555"}
2024-05-01T18:26:20.942+0500	INFO	app/main.go:41	api gateway service stops
2024-05-01T18:26:20.943+0500	ERROR	app/main.go:32	app run	{"error": "http: Server closed"}
main.main.func1
	/home/gopher/projects/go/src/xasan_nosirov_exam5/admin-api-gateway/cmd/app/main.go:32
2024-05-01T18:46:27.935+0500	INFO	app/main.go:30	Listen: 	{"address": "localhost:5555"}
2024-05-01T19:14:58.582+0500	INFO	app/main.go:30	Listen: 	{"address": "localhost:5555"}
2024-05-01T19:14:59.055+0500	INFO	app/main.go:41	api gateway service stops
2024-05-01T19:14:59.056+0500	ERROR	app/main.go:32	app run	{"error": "http: Server closed"}
main.main.func1
	/home/gopher/projects/go/src/xasan_nosirov_exam5/admin-api-gateway/cmd/app/main.go:32
2024-05-01T19:15:01.981+0500	INFO	app/main.go:30	Listen: 	{"address": "localhost:5555"}
2024-05-01T19:15:09.575+0500	INFO	app/main.go:41	api gateway service stops
2024-05-01T19:15:09.575+0500	ERROR	app/main.go:32	app run	{"error": "http: Server closed"}
main.main.func1
	/home/gopher/projects/go/src/xasan_nosirov_exam5/admin-api-gateway/cmd/app/main.go:32
2024-05-01T19:15:13.367+0500	INFO	app/main.go:30	Listen: 	{"address": "localhost:5555"}
2024-05-01T19:26:32.158+0500	INFO	app/main.go:30	Listen: 	{"address": "localhost:5555"}
2024-05-01T19:26:32.878+0500	INFO	app/main.go:41	api gateway service stops
2024-05-01T19:26:32.879+0500	ERROR	app/main.go:32	app run	{"error": "http: Server closed"}
main.main.func1
	/home/gopher/projects/go/src/xasan_nosirov_exam5/admin-api-gateway/cmd/app/main.go:32
2024-05-01T19:26:39.352+0500	INFO	app/main.go:30	Listen: 	{"address": "localhost:5555"}
2024-05-01T19:26:46.128+0500	INFO	app/main.go:41	api gateway service stops
2024-05-01T19:26:46.129+0500	ERROR	app/main.go:32	app run	{"error": "http: Server closed"}
main.main.func1
	/home/gopher/projects/go/src/xasan_nosirov_exam5/admin-api-gateway/cmd/app/main.go:32
2024-05-01T19:29:02.803+0500	INFO	app/main.go:30	Listen: 	{"address": "localhost:5555"}
2024-05-01T19:29:03.514+0500	INFO	app/main.go:41	api gateway service stops
2024-05-01T19:29:03.514+0500	ERROR	app/main.go:32	app run	{"error": "http: Server closed"}
main.main.func1
	/home/gopher/projects/go/src/xasan_nosirov_exam5/admin-api-gateway/cmd/app/main.go:32
2024-05-01T19:29:07.787+0500	INFO	app/main.go:30	Listen: 	{"address": "localhost:5555"}
2024-05-01T19:47:31.477+0500	INFO	app/main.go:30	Listen: 	{"address": "localhost:5555"}
2024-05-01T19:48:09.455+0500	INFO	app/main.go:41	api gateway service stops
2024-05-01T19:48:09.455+0500	ERROR	app/main.go:32	app run	{"error": "http: Server closed"}
main.main.func1
	/home/gopher/projects/go/src/xasan_nosirov_exam5/admin-api-gateway/cmd/app/main.go:32
2024-05-01T19:48:14.607+0500	INFO	app/main.go:30	Listen: 	{"address": "localhost:5555"}
2024-05-01T19:48:23.960+0500	INFO	app/main.go:41	api gateway service stops
2024-05-01T19:48:23.961+0500	ERROR	app/main.go:32	app run	{"error": "http: Server closed"}
main.main.func1
	/home/gopher/projects/go/src/xasan_nosirov_exam5/admin-api-gateway/cmd/app/main.go:32
2024-05-01T19:55:19.806+0500	INFO	app/main.go:30	Listen: 	{"address": "localhost:5555"}
2024-05-01T19:55:26.973+0500	INFO	app/main.go:41	api gateway service stops
2024-05-01T19:55:26.973+0500	ERROR	app/main.go:32	app run	{"error": "http: Server closed"}
main.main.func1
	/home/gopher/projects/go/src/xasan_nosirov_exam5/admin-api-gateway/cmd/app/main.go:32
2024-05-01T21:04:34.252+0500	INFO	app/main.go:30	Listen: 	{"address": "localhost:5555"}
2024-05-01T21:04:59.284+0500	INFO	app/main.go:41	api gateway service stops
2024-05-01T21:04:59.285+0500	ERROR	app/main.go:32	app run	{"error": "http: Server closed"}
main.main.func1
	/home/gopher/projects/go/src/xasan_nosirov_exam5/admin-api-gateway/cmd/app/main.go:32
2024-05-01T21:08:41.034+0500	INFO	app/main.go:30	Listen: 	{"address": "localhost:5555"}
2024-05-01T21:08:42.526+0500	INFO	app/main.go:41	api gateway service stops
2024-05-01T21:08:42.527+0500	ERROR	app/main.go:32	app run	{"error": "http: Server closed"}
main.main.func1
	/home/gopher/projects/go/src/xasan_nosirov_exam5/admin-api-gateway/cmd/app/main.go:32
2024-05-01T21:13:59.668+0500	INFO	app/main.go:30	Listen: 	{"address": "localhost:5555"}
2024-05-01T21:16:14.930+0500	INFO	app/main.go:41	api gateway service stops
2024-05-01T21:16:14.931+0500	ERROR	app/main.go:32	app run	{"error": "http: Server closed"}
main.main.func1
	/home/gopher/projects/go/src/xasan_nosirov_exam5/admin-api-gateway/cmd/app/main.go:32
2024-05-01T21:16:16.662+0500	INFO	app/main.go:30	Listen: 	{"address": "localhost:5555"}
2024-05-01T21:18:00.087+0500	INFO	app/main.go:41	api gateway service stops
2024-05-01T21:18:00.087+0500	ERROR	app/main.go:32	app run	{"error": "http: Server closed"}
main.main.func1
	/home/gopher/projects/go/src/xasan_nosirov_exam5/admin-api-gateway/cmd/app/main.go:32
2024-05-01T21:18:04.088+0500	INFO	app/main.go:30	Listen: 	{"address": "localhost:5555"}
2024-05-01T21:18:15.197+0500	INFO	app/main.go:41	api gateway service stops
2024-05-01T21:18:15.198+0500	ERROR	app/main.go:32	app run	{"error": "http: Server closed"}
main.main.func1
	/home/gopher/projects/go/src/xasan_nosirov_exam5/admin-api-gateway/cmd/app/main.go:32
2024-05-01T21:18:34.921+0500	INFO	app/main.go:30	Listen: 	{"address": "localhost:5555"}
2024-05-01T21:20:22.715+0500	INFO	app/main.go:41	api gateway service stops
2024-05-01T21:20:22.715+0500	ERROR	app/main.go:32	app run	{"error": "http: Server closed"}
main.main.func1
	/home/gopher/projects/go/src/xasan_nosirov_exam5/admin-api-gateway/cmd/app/main.go:32
2024-05-01T21:20:24.074+0500	INFO	app/main.go:30	Listen: 	{"address": "localhost:5555"}
2024-05-01T21:23:16.538+0500	INFO	app/main.go:41	api gateway service stops
2024-05-01T21:23:16.539+0500	ERROR	app/main.go:32	app run	{"error": "http: Server closed"}
main.main.func1
	/home/gopher/projects/go/src/xasan_nosirov_exam5/admin-api-gateway/cmd/app/main.go:32
2024-05-01T21:35:53.671+0500	INFO	app/main.go:30	Listen: 	{"address": "localhost:5555"}
2024-05-01T21:35:54.244+0500	INFO	app/main.go:41	api gateway service stops
2024-05-01T21:35:54.245+0500	ERROR	app/main.go:32	app run	{"error": "http: Server closed"}
main.main.func1
	/home/gopher/projects/go/src/xasan_nosirov_exam5/admin-api-gateway/cmd/app/main.go:32
2024-05-01T21:53:04.576+0500	INFO	app/main.go:30	Listen: 	{"address": "localhost:5555"}
2024-05-01T21:53:08.185+0500	INFO	app/main.go:41	api gateway service stops
2024-05-01T21:53:08.186+0500	ERROR	app/main.go:32	app run	{"error": "http: Server closed"}
main.main.func1
	/home/gopher/projects/go/src/xasan_nosirov_exam5/admin-api-gateway/cmd/app/main.go:32
2024-05-02T07:40:04.109+0500	INFO	app/main.go:30	Listen: 	{"address": "localhost:5555"}
2024-05-02T07:42:38.805+0500	INFO	app/main.go:41	api gateway service stops
2024-05-02T07:42:38.805+0500	ERROR	app/main.go:32	app run	{"error": "http: Server closed"}
main.main.func1
	/home/gopher/projects/go/src/xasan_nosirov_exam5/admin-api-gateway/cmd/app/main.go:32
2024-05-02T07:42:53.487+0500	INFO	app/main.go:30	Listen: 	{"address": "localhost:5555"}
2024-05-02T07:44:03.513+0500	INFO	app/main.go:41	api gateway service stops
2024-05-02T07:44:03.514+0500	ERROR	app/main.go:32	app run	{"error": "http: Server closed"}
main.main.func1
	/home/gopher/projects/go/src/xasan_nosirov_exam5/admin-api-gateway/cmd/app/main.go:32
2024-05-02T07:44:05.086+0500	INFO	app/main.go:30	Listen: 	{"address": "localhost:5555"}
2024-05-02T07:45:07.222+0500	INFO	app/main.go:41	api gateway service stops
2024-05-02T07:45:07.222+0500	ERROR	app/main.go:32	app run	{"error": "http: Server closed"}
main.main.func1
	/home/gopher/projects/go/src/xasan_nosirov_exam5/admin-api-gateway/cmd/app/main.go:32
2024-05-02T07:45:11.442+0500	INFO	app/main.go:30	Listen: 	{"address": "localhost:5555"}
2024-05-02T07:46:14.742+0500	INFO	app/main.go:41	api gateway service stops
2024-05-02T07:46:14.743+0500	ERROR	app/main.go:32	app run	{"error": "http: Server closed"}
main.main.func1
	/home/gopher/projects/go/src/xasan_nosirov_exam5/admin-api-gateway/cmd/app/main.go:32
2024-05-02T07:46:34.666+0500	INFO	app/main.go:30	Listen: 	{"address": "localhost:5555"}
2024-05-02T07:52:01.146+0500	INFO	app/main.go:41	api gateway service stops
2024-05-02T07:52:01.147+0500	ERROR	app/main.go:32	app run	{"error": "http: Server closed"}
main.main.func1
	/home/gopher/projects/go/src/xasan_nosirov_exam5/admin-api-gateway/cmd/app/main.go:32
2024-05-02T07:52:07.302+0500	INFO	app/main.go:30	Listen: 	{"address": "localhost:5555"}
2024-05-02T07:52:32.349+0500	INFO	app/main.go:30	Listen: 	{"address": "localhost:5555"}
2024-05-02T07:52:32.350+0500	ERROR	app/main.go:32	app run	{"error": "listen tcp 127.0.0.1:5555: bind: address already in use"}
main.main.func1
	/home/gopher/projects/go/src/xasan_nosirov_exam5/admin-api-gateway/cmd/app/main.go:32
2024-05-02T07:52:47.311+0500	INFO	app/main.go:30	Listen: 	{"address": "localhost:5555"}
2024-05-02T07:52:47.312+0500	ERROR	app/main.go:32	app run	{"error": "listen tcp 127.0.0.1:5555: bind: address already in use"}
main.main.func1
	/home/gopher/projects/go/src/xasan_nosirov_exam5/admin-api-gateway/cmd/app/main.go:32
2024-05-02T07:53:03.583+0500	INFO	app/main.go:30	Listen: 	{"address": "localhost:5555"}
2024-05-02T07:55:13.480+0500	INFO	app/main.go:41	api gateway service stops
2024-05-02T07:55:13.481+0500	ERROR	app/main.go:32	app run	{"error": "http: Server closed"}
main.main.func1
	/home/gopher/projects/go/src/xasan_nosirov_exam5/admin-api-gateway/cmd/app/main.go:32
2024-05-02T07:55:17.261+0500	INFO	app/main.go:30	Listen: 	{"address": "localhost:5555"}
2024-05-02T07:56:14.177+0500	INFO	app/main.go:41	api gateway service stops
2024-05-02T07:56:14.177+0500	ERROR	app/main.go:32	app run	{"error": "http: Server closed"}
main.main.func1
	/home/gopher/projects/go/src/xasan_nosirov_exam5/admin-api-gateway/cmd/app/main.go:32
2024-05-02T07:56:17.606+0500	INFO	app/main.go:30	Listen: 	{"address": "localhost:5555"}
2024-05-02T08:07:21.865+0500	INFO	app/main.go:41	api gateway service stops
2024-05-02T08:07:21.866+0500	ERROR	app/main.go:32	app run	{"error": "http: Server closed"}
main.main.func1
	/home/gopher/projects/go/src/xasan_nosirov_exam5/admin-api-gateway/cmd/app/main.go:32
2024-05-02T08:07:29.790+0500	INFO	app/main.go:30	Listen: 	{"address": "localhost:5555"}
2024-05-02T08:34:52.976+0500	INFO	app/main.go:41	api gateway service stops
2024-05-02T08:34:52.978+0500	ERROR	app/main.go:32	app run	{"error": "http: Server closed"}
main.main.func1
	/home/gopher/projects/go/src/xasan_nosirov_exam5/admin-api-gateway/cmd/app/main.go:32
2024-05-02T08:35:08.200+0500	INFO	app/main.go:30	Listen: 	{"address": "localhost:5555"}
2024-05-02T08:35:19.963+0500	INFO	app/main.go:41	api gateway service stops
2024-05-02T08:35:19.964+0500	ERROR	app/main.go:32	app run	{"error": "http: Server closed"}
main.main.func1
	/home/gopher/projects/go/src/xasan_nosirov_exam5/admin-api-gateway/cmd/app/main.go:32
2024-05-02T08:35:29.015+0500	INFO	app/main.go:30	Listen: 	{"address": "localhost:5555"}
2024-05-02T08:37:06.516+0500	INFO	app/main.go:41	api gateway service stops
2024-05-02T08:37:06.517+0500	ERROR	app/main.go:32	app run	{"error": "http: Server closed"}
main.main.func1
	/home/gopher/projects/go/src/xasan_nosirov_exam5/admin-api-gateway/cmd/app/main.go:32
2024-05-02T08:37:58.416+0500	INFO	app/main.go:30	Listen: 	{"address": "localhost:5555"}
2024-05-02T08:43:01.940+0500	INFO	app/main.go:41	api gateway service stops
2024-05-02T08:43:01.940+0500	ERROR	app/main.go:32	app run	{"error": "http: Server closed"}
main.main.func1
	/home/gopher/projects/go/src/xasan_nosirov_exam5/admin-api-gateway/cmd/app/main.go:32
2024-05-02T08:43:04.463+0500	INFO	app/main.go:30	Listen: 	{"address": "localhost:5555"}
2024-05-02T08:46:17.280+0500	INFO	app/main.go:41	api gateway service stops
2024-05-02T08:46:17.280+0500	ERROR	app/main.go:32	app run	{"error": "http: Server closed"}
main.main.func1
	/home/gopher/projects/go/src/xasan_nosirov_exam5/admin-api-gateway/cmd/app/main.go:32
2024-05-02T08:46:19.166+0500	INFO	app/main.go:30	Listen: 	{"address": "localhost:5555"}
2024-05-02T08:47:40.327+0500	INFO	app/main.go:41	api gateway service stops
2024-05-02T08:47:40.327+0500	ERROR	app/main.go:32	app run	{"error": "http: Server closed"}
main.main.func1
	/home/gopher/projects/go/src/xasan_nosirov_exam5/admin-api-gateway/cmd/app/main.go:32
2024-05-02T08:47:45.289+0500	INFO	app/main.go:30	Listen: 	{"address": "localhost:5555"}
2024-05-02T08:48:59.041+0500	INFO	app/main.go:41	api gateway service stops
2024-05-02T08:48:59.042+0500	ERROR	app/main.go:32	app run	{"error": "http: Server closed"}
main.main.func1
	/home/gopher/projects/go/src/xasan_nosirov_exam5/admin-api-gateway/cmd/app/main.go:32
2024-05-02T08:49:02.522+0500	INFO	app/main.go:30	Listen: 	{"address": "localhost:5555"}
2024-05-02T09:11:34.782+0500	INFO	app/main.go:41	api gateway service stops
2024-05-02T09:11:34.783+0500	ERROR	app/main.go:32	app run	{"error": "http: Server closed"}
main.main.func1
	/home/gopher/projects/go/src/xasan_nosirov_exam5/admin-api-gateway/cmd/app/main.go:32
2024-05-02T09:12:01.571+0500	INFO	app/main.go:30	Listen: 	{"address": "localhost:5555"}
2024-05-02T09:12:22.709+0500	INFO	app/main.go:41	api gateway service stops
2024-05-02T09:12:22.710+0500	ERROR	app/main.go:32	app run	{"error": "http: Server closed"}
main.main.func1
	/home/gopher/projects/go/src/xasan_nosirov_exam5/admin-api-gateway/cmd/app/main.go:32
2024-05-02T09:12:24.262+0500	INFO	app/main.go:30	Listen: 	{"address": "localhost:5555"}
2024-05-02T09:12:38.993+0500	INFO	app/main.go:41	api gateway service stops
2024-05-02T09:12:38.994+0500	ERROR	app/main.go:32	app run	{"error": "http: Server closed"}
main.main.func1
	/home/gopher/projects/go/src/xasan_nosirov_exam5/admin-api-gateway/cmd/app/main.go:32
2024-05-02T09:12:40.443+0500	INFO	app/main.go:30	Listen: 	{"address": "localhost:5555"}
2024-05-02T09:13:26.602+0500	INFO	app/main.go:41	api gateway service stops
2024-05-02T09:13:26.602+0500	ERROR	app/main.go:32	app run	{"error": "http: Server closed"}
main.main.func1
	/home/gopher/projects/go/src/xasan_nosirov_exam5/admin-api-gateway/cmd/app/main.go:32
2024-05-02T09:13:28.105+0500	INFO	app/main.go:30	Listen: 	{"address": "localhost:5555"}
2024-05-02T09:14:03.311+0500	INFO	app/main.go:41	api gateway service stops
2024-05-02T09:14:03.312+0500	ERROR	app/main.go:32	app run	{"error": "http: Server closed"}
main.main.func1
	/home/gopher/projects/go/src/xasan_nosirov_exam5/admin-api-gateway/cmd/app/main.go:32
2024-05-02T09:14:04.510+0500	INFO	app/main.go:30	Listen: 	{"address": "localhost:5555"}
2024-05-02T09:14:25.243+0500	INFO	app/main.go:41	api gateway service stops
2024-05-02T09:14:25.243+0500	ERROR	app/main.go:32	app run	{"error": "http: Server closed"}
main.main.func1
	/home/gopher/projects/go/src/xasan_nosirov_exam5/admin-api-gateway/cmd/app/main.go:32
2024-05-02T09:14:27.157+0500	INFO	app/main.go:30	Listen: 	{"address": "localhost:5555"}
2024-05-02T09:14:32.966+0500	INFO	app/main.go:41	api gateway service stops
2024-05-02T09:14:32.967+0500	ERROR	app/main.go:32	app run	{"error": "http: Server closed"}
main.main.func1
	/home/gopher/projects/go/src/xasan_nosirov_exam5/admin-api-gateway/cmd/app/main.go:32
2024-05-02T09:14:50.454+0500	INFO	app/main.go:30	Listen: 	{"address": "localhost:5555"}
2024-05-02T09:14:56.473+0500	INFO	app/main.go:41	api gateway service stops
2024-05-02T09:14:56.474+0500	ERROR	app/main.go:32	app run	{"error": "http: Server closed"}
main.main.func1
	/home/gopher/projects/go/src/xasan_nosirov_exam5/admin-api-gateway/cmd/app/main.go:32
2024-05-02T09:15:42.290+0500	INFO	app/main.go:30	Listen: 	{"address": "localhost:5555"}
2024-05-02T09:16:44.349+0500	INFO	app/main.go:41	api gateway service stops
2024-05-02T09:16:44.350+0500	ERROR	app/main.go:32	app run	{"error": "http: Server closed"}
main.main.func1
	/home/gopher/projects/go/src/xasan_nosirov_exam5/admin-api-gateway/cmd/app/main.go:32
2024-05-02T09:17:49.259+0500	INFO	app/main.go:30	Listen: 	{"address": "localhost:5555"}
2024-05-02T09:18:47.864+0500	INFO	app/main.go:41	api gateway service stops
2024-05-02T09:18:47.865+0500	ERROR	app/main.go:32	app run	{"error": "http: Server closed"}
main.main.func1
	/home/gopher/projects/go/src/xasan_nosirov_exam5/admin-api-gateway/cmd/app/main.go:32
2024-05-02T09:27:25.560+0500	INFO	app/main.go:30	Listen: 	{"address": "localhost:5555"}
2024-05-02T09:28:22.788+0500	INFO	app/main.go:41	api gateway service stops
2024-05-02T09:28:22.788+0500	ERROR	app/main.go:32	app run	{"error": "http: Server closed"}
main.main.func1
	/home/gopher/projects/go/src/xasan_nosirov_exam5/admin-api-gateway/cmd/app/main.go:32
2024-05-02T09:28:37.995+0500	INFO	app/main.go:30	Listen: 	{"address": "localhost:5555"}
2024-05-02T09:28:45.327+0500	INFO	app/main.go:41	api gateway service stops
2024-05-02T09:28:45.328+0500	ERROR	app/main.go:32	app run	{"error": "http: Server closed"}
main.main.func1
	/home/gopher/projects/go/src/xasan_nosirov_exam5/admin-api-gateway/cmd/app/main.go:32
2024-05-02T09:29:15.589+0500	INFO	app/main.go:30	Listen: 	{"address": "localhost:5555"}
2024-05-02T09:29:20.648+0500	INFO	app/main.go:41	api gateway service stops
2024-05-02T09:29:20.649+0500	ERROR	app/main.go:32	app run	{"error": "http: Server closed"}
main.main.func1
	/home/gopher/projects/go/src/xasan_nosirov_exam5/admin-api-gateway/cmd/app/main.go:32
2024-05-02T09:33:35.709+0500	INFO	app/main.go:30	Listen: 	{"address": "localhost:5555"}
2024-05-02T09:38:17.345+0500	INFO	app/main.go:41	api gateway service stops
2024-05-02T09:38:17.346+0500	ERROR	app/main.go:32	app run	{"error": "http: Server closed"}
main.main.func1
	/home/gopher/projects/go/src/xasan_nosirov_exam5/admin-api-gateway/cmd/app/main.go:32
2024-05-02T10:13:13.258+0500	INFO	app/main.go:30	Listen: 	{"address": "localhost:4444"}
2024-05-02T10:17:45.238+0500	INFO	app/main.go:41	api gateway service stops
2024-05-02T10:17:45.238+0500	ERROR	app/main.go:32	app run	{"error": "http: Server closed"}
main.main.func1
	/home/gopher/projects/go/src/xasan_nosirov_exam5/admin-api-gateway/cmd/app/main.go:32
